app/build/intermediates/manifest_merge_blame_file/debug/manifest-merger-blame-debug-report.txt
1<?xml version="1.0" encoding="utf-8"?>
2<manifest xmlns:android="http://schemas.android.com/apk/res/android"
3    package="com.docusign.sdksamplekotlin"
4    android:versionCode="1"
5    android:versionName="1.0" >
6
7    <uses-sdk
8        android:minSdkVersion="19"
8-->src/main/AndroidManifest.xml
9        android:targetSdkVersion="30" />
9-->src/main/AndroidManifest.xml
10
11    <uses-permission android:name="android.permission.INTERNET" />
11-->src/main/AndroidManifest.xml:5:5-67
11-->src/main/AndroidManifest.xml:5:22-64
12    <uses-permission android:name="android.permission.ACCESS_NETWORK_STATE" />
12-->[com.docusign:androidsdk:1.3.0] AndroidManifest.xml:13:5-79
12-->[com.docusign:androidsdk:1.3.0] AndroidManifest.xml:13:22-76
13    <uses-permission android:name="android.permission.ACCESS_WIFI_STATE" />
13-->[com.docusign:androidsdk:1.3.0] AndroidManifest.xml:14:5-76
13-->[com.docusign:androidsdk:1.3.0] AndroidManifest.xml:14:22-73
14    <uses-permission android:name="android.permission.ACCESS_FINE_LOCATION" />
14-->[com.docusign:androidsdk:1.3.0] AndroidManifest.xml:16:5-79
14-->[com.docusign:androidsdk:1.3.0] AndroidManifest.xml:16:22-76
15    <uses-permission android:name="android.permission.WAKE_LOCK" />
15-->[androidx.work:work-runtime:2.3.4] AndroidManifest.xml:25:5-68
15-->[androidx.work:work-runtime:2.3.4] AndroidManifest.xml:25:22-65
16    <uses-permission android:name="android.permission.RECEIVE_BOOT_COMPLETED" />
16-->[androidx.work:work-runtime:2.3.4] AndroidManifest.xml:27:5-81
16-->[androidx.work:work-runtime:2.3.4] AndroidManifest.xml:27:22-78
17    <uses-permission android:name="android.permission.FOREGROUND_SERVICE" />
17-->[androidx.work:work-runtime:2.3.4] AndroidManifest.xml:28:5-77
17-->[androidx.work:work-runtime:2.3.4] AndroidManifest.xml:28:22-74
18
19    <application
19-->src/main/AndroidManifest.xml:7:5-37:19
20        android:name="com.docusign.sdksamplekotlin.SDKSampleApplication"
20-->src/main/AndroidManifest.xml:8:9-45
21        android:allowBackup="true"
21-->src/main/AndroidManifest.xml:9:9-35
22        android:appComponentFactory="androidx.core.app.CoreComponentFactory"
22-->[androidx.core:core:1.3.1] AndroidManifest.xml:24:18-86
23        android:debuggable="true"
24        android:icon="@drawable/ic_launcher"
24-->src/main/AndroidManifest.xml:10:9-45
25        android:label="@string/app_name"
25-->src/main/AndroidManifest.xml:11:9-41
26        android:roundIcon="@drawable/ic_launcher_round"
26-->src/main/AndroidManifest.xml:12:9-56
27        android:supportsRtl="true"
27-->src/main/AndroidManifest.xml:13:9-35
28        android:testOnly="true"
29        android:theme="@style/AppTheme" >
29-->src/main/AndroidManifest.xml:14:9-40
30        <activity
30-->src/main/AndroidManifest.xml:15:9-23:20
31            android:name="com.docusign.sdksamplekotlin.activity.LoginActivity"
31-->src/main/AndroidManifest.xml:16:13-51
32            android:label="@string/app_name"
32-->src/main/AndroidManifest.xml:17:13-45
33            android:screenOrientation="portrait" >
33-->src/main/AndroidManifest.xml:18:13-49
34            <intent-filter>
34-->src/main/AndroidManifest.xml:19:13-22:29
35                <action android:name="android.intent.action.MAIN" />
35-->src/main/AndroidManifest.xml:20:17-69
35-->src/main/AndroidManifest.xml:20:25-66
36
37                <category android:name="android.intent.category.LAUNCHER" />
37-->src/main/AndroidManifest.xml:21:17-77
37-->src/main/AndroidManifest.xml:21:27-74
38            </intent-filter>
39        </activity>
40        <activity
40-->src/main/AndroidManifest.xml:24:9-27:51
41            android:name="com.docusign.sdksamplekotlin.activity.HomeActivity"
41-->src/main/AndroidManifest.xml:25:13-50
42            android:label="@string/home"
42-->src/main/AndroidManifest.xml:26:13-41
43            android:screenOrientation="portrait" />
43-->src/main/AndroidManifest.xml:27:13-49
44        <activity
44-->src/main/AndroidManifest.xml:28:9-31:51
45            android:name="com.docusign.sdksamplekotlin.activity.AgreementActivity"
45-->src/main/AndroidManifest.xml:29:13-55
46            android:label="@string/agreement"
46-->src/main/AndroidManifest.xml:30:13-46
47            android:screenOrientation="portrait" />
47-->src/main/AndroidManifest.xml:31:13-49
48        <activity
48-->src/main/AndroidManifest.xml:32:9-35:51
49            android:name="com.docusign.sdksamplekotlin.activity.SettingsActivity"
49-->src/main/AndroidManifest.xml:33:13-54
50            android:label="@string/settings"
50-->src/main/AndroidManifest.xml:34:13-45
51            android:screenOrientation="portrait" />
51-->src/main/AndroidManifest.xml:35:13-49
52        <activity android:name="com.docusign.sdksamplekotlin.activity.NewPresentationActivity" />
52-->src/main/AndroidManifest.xml:36:9-70
52-->src/main/AndroidManifest.xml:36:19-67
53        <activity
53-->[com.docusign:androidsdk:1.3.0] AndroidManifest.xml:19:9-23:65
54            android:name="com.docusign.androidsdk.ui.LoginActivity"
54-->[com.docusign:androidsdk:1.3.0] AndroidManifest.xml:20:13-68
55            android:label="@string/ds_login_text"
55-->[com.docusign:androidsdk:1.3.0] AndroidManifest.xml:21:13-50
56            android:taskAffinity=""
56-->[com.docusign:androidsdk:1.3.0] AndroidManifest.xml:22:13-36
57            android:theme="@style/Theme.DocuSign.NoActionBar" />
57-->[com.docusign:androidsdk:1.3.0] AndroidManifest.xml:23:13-62
58        <activity
58-->[com.docusign:androidsdk:1.3.0] AndroidManifest.xml:24:9-28:65
59            android:name="com.docusign.androidsdk.ui.SwitchAccountActivity"
59-->[com.docusign:androidsdk:1.3.0] AndroidManifest.xml:25:13-76
60            android:label="@string/ds_switch_account"
60-->[com.docusign:androidsdk:1.3.0] AndroidManifest.xml:26:13-54
61            android:taskAffinity=""
61-->[com.docusign:androidsdk:1.3.0] AndroidManifest.xml:27:13-36
62            android:theme="@style/Theme.DocuSign.NoActionBar" />
62-->[com.docusign:androidsdk:1.3.0] AndroidManifest.xml:28:13-62
63        <activity
63-->[com.docusign:androidsdk:1.3.0] AndroidManifest.xml:29:9-35:55
64            android:name="com.docusign.androidsdk.ui.offline.OfflineSigningActivity"
64-->[com.docusign:androidsdk:1.3.0] AndroidManifest.xml:30:13-85
65            android:configChanges="keyboardHidden|orientation|screenSize|screenLayout|smallestScreenSize"
65-->[com.docusign:androidsdk:1.3.0] AndroidManifest.xml:31:13-106
66            android:label="@string/ds_offline_signing"
66-->[com.docusign:androidsdk:1.3.0] AndroidManifest.xml:32:13-55
67            android:taskAffinity=""
67-->[com.docusign:androidsdk:1.3.0] AndroidManifest.xml:33:13-36
68            android:theme="@style/Theme.DocuSign.NoActionBar"
68-->[com.docusign:androidsdk:1.3.0] AndroidManifest.xml:34:13-62
69            android:windowSoftInputMode="adjustPan" />
69-->[com.docusign:androidsdk:1.3.0] AndroidManifest.xml:35:13-52
70        <activity
70-->[com.docusign:androidsdk:1.3.0] AndroidManifest.xml:36:9-41:65
71            android:name="com.docusign.androidsdk.ui.DrawSignatureActivity"
71-->[com.docusign:androidsdk:1.3.0] AndroidManifest.xml:37:13-76
72            android:label="@string/ds_draw_signature"
72-->[com.docusign:androidsdk:1.3.0] AndroidManifest.xml:38:13-54
73            android:screenOrientation="sensorLandscape"
73-->[com.docusign:androidsdk:1.3.0] AndroidManifest.xml:39:13-56
74            android:taskAffinity=""
74-->[com.docusign:androidsdk:1.3.0] AndroidManifest.xml:40:13-36
75            android:theme="@style/Theme.DocuSign.NoActionBar" />
75-->[com.docusign:androidsdk:1.3.0] AndroidManifest.xml:41:13-62
76        <activity
76-->[com.docusign:androidsdk:1.3.0] AndroidManifest.xml:42:9-47:55
77            android:name="com.docusign.androidsdk.ui.UseOfflineEnvelopeActivity"
77-->[com.docusign:androidsdk:1.3.0] AndroidManifest.xml:43:13-81
78            android:label="@string/ds_use_template"
78-->[com.docusign:androidsdk:1.3.0] AndroidManifest.xml:44:13-52
79            android:taskAffinity=""
79-->[com.docusign:androidsdk:1.3.0] AndroidManifest.xml:45:13-36
80            android:theme="@style/Theme.DocuSign.NoActionBar"
80-->[com.docusign:androidsdk:1.3.0] AndroidManifest.xml:46:13-62
81            android:windowSoftInputMode="adjustPan" />
81-->[com.docusign:androidsdk:1.3.0] AndroidManifest.xml:47:13-52
82        <activity
82-->[com.docusign:androidsdk:1.3.0] AndroidManifest.xml:48:9-53:55
83            android:name="com.docusign.androidsdk.ui.UseOnlineEnvelopeActivity"
83-->[com.docusign:androidsdk:1.3.0] AndroidManifest.xml:49:13-80
84            android:label="@string/ds_use_template"
84-->[com.docusign:androidsdk:1.3.0] AndroidManifest.xml:50:13-52
85            android:taskAffinity=""
85-->[com.docusign:androidsdk:1.3.0] AndroidManifest.xml:51:13-36
86            android:theme="@style/Theme.DocuSign.NoActionBar"
86-->[com.docusign:androidsdk:1.3.0] AndroidManifest.xml:52:13-62
87            android:windowSoftInputMode="adjustPan" />
87-->[com.docusign:androidsdk:1.3.0] AndroidManifest.xml:53:13-52
88        <activity
88-->[com.docusign:androidsdk:1.3.0] AndroidManifest.xml:54:9-59:77
89            android:name="com.docusign.androidsdk.ui.OnlineSigningActivity"
89-->[com.docusign:androidsdk:1.3.0] AndroidManifest.xml:55:13-76
90            android:configChanges="orientation|keyboardHidden|screenSize|screenLayout|smallestScreenSize"
90-->[com.docusign:androidsdk:1.3.0] AndroidManifest.xml:56:13-106
91            android:label="@string/ds_signing_title"
91-->[com.docusign:androidsdk:1.3.0] AndroidManifest.xml:57:13-53
92            android:taskAffinity=""
92-->[com.docusign:androidsdk:1.3.0] AndroidManifest.xml:58:13-36
93            android:theme="@style/Theme.DocuSign.NoActionBar.DialogTheme" />
93-->[com.docusign:androidsdk:1.3.0] AndroidManifest.xml:59:13-74
94        <activity
94-->[com.docusign:androidsdk:1.3.0] AndroidManifest.xml:60:9-65:65
95            android:name="com.docusign.androidsdk.ui.ConsumerDisclosureActivity"
95-->[com.docusign:androidsdk:1.3.0] AndroidManifest.xml:61:13-81
96            android:label="@string/ds_consumer_disclosure"
96-->[com.docusign:androidsdk:1.3.0] AndroidManifest.xml:62:13-59
97            android:parentActivityName="com.docusign.androidsdk.ui.UseEnvelopeActivity"
97-->[com.docusign:androidsdk:1.3.0] AndroidManifest.xml:63:13-88
98            android:taskAffinity=""
98-->[com.docusign:androidsdk:1.3.0] AndroidManifest.xml:64:13-36
99            android:theme="@style/Theme.DocuSign.NoActionBar" />
99-->[com.docusign:androidsdk:1.3.0] AndroidManifest.xml:65:13-62
100        <activity
100-->[com.docusign:androidsdk:1.3.0] AndroidManifest.xml:66:9-70:65
101            android:name="com.docusign.androidsdk.ui.PostSigningActivity"
101-->[com.docusign:androidsdk:1.3.0] AndroidManifest.xml:67:13-74
102            android:label="@string/ds_signing_complete_title"
102-->[com.docusign:androidsdk:1.3.0] AndroidManifest.xml:68:13-62
103            android:taskAffinity=""
103-->[com.docusign:androidsdk:1.3.0] AndroidManifest.xml:69:13-36
104            android:theme="@style/Theme.DocuSign.NoActionBar" />
104-->[com.docusign:androidsdk:1.3.0] AndroidManifest.xml:70:13-62
105        <activity
105-->[com.docusign:androidsdk:1.3.0] AndroidManifest.xml:71:9-75:65
106            android:name="com.docusign.androidsdk.ui.DocumentPreviewActivity"
106-->[com.docusign:androidsdk:1.3.0] AndroidManifest.xml:72:13-78
107            android:label="@string/ds_signing_complete_title"
107-->[com.docusign:androidsdk:1.3.0] AndroidManifest.xml:73:13-62
108            android:taskAffinity=""
108-->[com.docusign:androidsdk:1.3.0] AndroidManifest.xml:74:13-36
109            android:theme="@style/Theme.DocuSign.NoActionBar" />
109-->[com.docusign:androidsdk:1.3.0] AndroidManifest.xml:75:13-62
110        <activity
110-->[com.docusign:androidsdk:1.3.0] AndroidManifest.xml:76:9-81:77
111            android:name="com.docusign.androidsdk.ui.CaptiveSigningActivity"
111-->[com.docusign:androidsdk:1.3.0] AndroidManifest.xml:77:13-77
112            android:configChanges="orientation|keyboardHidden|screenSize|screenLayout|smallestScreenSize"
112-->[com.docusign:androidsdk:1.3.0] AndroidManifest.xml:78:13-106
113            android:label="@string/ds_signing_title"
113-->[com.docusign:androidsdk:1.3.0] AndroidManifest.xml:79:13-53
114            android:taskAffinity=""
114-->[com.docusign:androidsdk:1.3.0] AndroidManifest.xml:80:13-36
115            android:theme="@style/Theme.DocuSign.NoActionBar.DialogTheme" />
115-->[com.docusign:androidsdk:1.3.0] AndroidManifest.xml:81:13-74
116
117        <provider
117-->[androidx.work:work-runtime:2.3.4] AndroidManifest.xml:31:9-37:35
118            android:name="androidx.work.impl.WorkManagerInitializer"
118-->[androidx.work:work-runtime:2.3.4] AndroidManifest.xml:32:13-69
119            android:authorities="com.docusign.sdksamplekotlin.workmanager-init"
119-->[androidx.work:work-runtime:2.3.4] AndroidManifest.xml:33:13-68
120            android:directBootAware="false"
120-->[androidx.work:work-runtime:2.3.4] AndroidManifest.xml:34:13-44
121            android:exported="false"
121-->[androidx.work:work-runtime:2.3.4] AndroidManifest.xml:35:13-37
122            android:multiprocess="true" />
122-->[androidx.work:work-runtime:2.3.4] AndroidManifest.xml:36:13-40
123
124        <service
124-->[androidx.work:work-runtime:2.3.4] AndroidManifest.xml:39:9-44:35
125            android:name="androidx.work.impl.background.systemalarm.SystemAlarmService"
125-->[androidx.work:work-runtime:2.3.4] AndroidManifest.xml:40:13-88
126            android:directBootAware="false"
126-->[androidx.work:work-runtime:2.3.4] AndroidManifest.xml:41:13-44
127            android:enabled="@bool/enable_system_alarm_service_default"
127-->[androidx.work:work-runtime:2.3.4] AndroidManifest.xml:42:13-72
128            android:exported="false" />
128-->[androidx.work:work-runtime:2.3.4] AndroidManifest.xml:43:13-37
129        <service
129-->[androidx.work:work-runtime:2.3.4] AndroidManifest.xml:45:9-51:35
130            android:name="androidx.work.impl.background.systemjob.SystemJobService"
130-->[androidx.work:work-runtime:2.3.4] AndroidManifest.xml:46:13-84
131            android:directBootAware="false"
131-->[androidx.work:work-runtime:2.3.4] AndroidManifest.xml:47:13-44
132            android:enabled="@bool/enable_system_job_service_default"
132-->[androidx.work:work-runtime:2.3.4] AndroidManifest.xml:48:13-70
133            android:exported="true"
133-->[androidx.work:work-runtime:2.3.4] AndroidManifest.xml:49:13-36
134            android:permission="android.permission.BIND_JOB_SERVICE" />
134-->[androidx.work:work-runtime:2.3.4] AndroidManifest.xml:50:13-69
135        <service
135-->[androidx.work:work-runtime:2.3.4] AndroidManifest.xml:52:9-57:35
136            android:name="androidx.work.impl.foreground.SystemForegroundService"
136-->[androidx.work:work-runtime:2.3.4] AndroidManifest.xml:53:13-81
137            android:directBootAware="false"
137-->[androidx.work:work-runtime:2.3.4] AndroidManifest.xml:54:13-44
138            android:enabled="@bool/enable_system_foreground_service_default"
138-->[androidx.work:work-runtime:2.3.4] AndroidManifest.xml:55:13-77
139            android:exported="false" />
139-->[androidx.work:work-runtime:2.3.4] AndroidManifest.xml:56:13-37
140
141        <receiver
141-->[androidx.work:work-runtime:2.3.4] AndroidManifest.xml:59:9-64:35
142            android:name="androidx.work.impl.utils.ForceStopRunnable$BroadcastReceiver"
142-->[androidx.work:work-runtime:2.3.4] AndroidManifest.xml:60:13-88
143            android:directBootAware="false"
143-->[androidx.work:work-runtime:2.3.4] AndroidManifest.xml:61:13-44
144            android:enabled="true"
144-->[androidx.work:work-runtime:2.3.4] AndroidManifest.xml:62:13-35
145            android:exported="false" />
145-->[androidx.work:work-runtime:2.3.4] AndroidManifest.xml:63:13-37
146        <receiver
146-->[androidx.work:work-runtime:2.3.4] AndroidManifest.xml:65:9-75:20
147            android:name="androidx.work.impl.background.systemalarm.ConstraintProxy$BatteryChargingProxy"
147-->[androidx.work:work-runtime:2.3.4] AndroidManifest.xml:66:13-106
148            android:directBootAware="false"
148-->[androidx.work:work-runtime:2.3.4] AndroidManifest.xml:67:13-44
149            android:enabled="false"
149-->[androidx.work:work-runtime:2.3.4] AndroidManifest.xml:68:13-36
150            android:exported="false" >
150-->[androidx.work:work-runtime:2.3.4] AndroidManifest.xml:69:13-37
151            <intent-filter>
151-->[androidx.work:work-runtime:2.3.4] AndroidManifest.xml:71:13-74:29
152                <action android:name="android.intent.action.ACTION_POWER_CONNECTED" />
152-->[androidx.work:work-runtime:2.3.4] AndroidManifest.xml:72:17-87
152-->[androidx.work:work-runtime:2.3.4] AndroidManifest.xml:72:25-84
153                <action android:name="android.intent.action.ACTION_POWER_DISCONNECTED" />
153-->[androidx.work:work-runtime:2.3.4] AndroidManifest.xml:73:17-90
153-->[androidx.work:work-runtime:2.3.4] AndroidManifest.xml:73:25-87
154            </intent-filter>
155        </receiver>
156        <receiver
156-->[androidx.work:work-runtime:2.3.4] AndroidManifest.xml:76:9-86:20
157            android:name="androidx.work.impl.background.systemalarm.ConstraintProxy$BatteryNotLowProxy"
157-->[androidx.work:work-runtime:2.3.4] AndroidManifest.xml:77:13-104
158            android:directBootAware="false"
158-->[androidx.work:work-runtime:2.3.4] AndroidManifest.xml:78:13-44
159            android:enabled="false"
159-->[androidx.work:work-runtime:2.3.4] AndroidManifest.xml:79:13-36
160            android:exported="false" >
160-->[androidx.work:work-runtime:2.3.4] AndroidManifest.xml:80:13-37
161            <intent-filter>
161-->[androidx.work:work-runtime:2.3.4] AndroidManifest.xml:82:13-85:29
162                <action android:name="android.intent.action.BATTERY_OKAY" />
162-->[androidx.work:work-runtime:2.3.4] AndroidManifest.xml:83:17-77
162-->[androidx.work:work-runtime:2.3.4] AndroidManifest.xml:83:25-74
163                <action android:name="android.intent.action.BATTERY_LOW" />
163-->[androidx.work:work-runtime:2.3.4] AndroidManifest.xml:84:17-76
163-->[androidx.work:work-runtime:2.3.4] AndroidManifest.xml:84:25-73
164            </intent-filter>
165        </receiver>
166        <receiver
166-->[androidx.work:work-runtime:2.3.4] AndroidManifest.xml:87:9-97:20
167            android:name="androidx.work.impl.background.systemalarm.ConstraintProxy$StorageNotLowProxy"
167-->[androidx.work:work-runtime:2.3.4] AndroidManifest.xml:88:13-104
168            android:directBootAware="false"
168-->[androidx.work:work-runtime:2.3.4] AndroidManifest.xml:89:13-44
169            android:enabled="false"
169-->[androidx.work:work-runtime:2.3.4] AndroidManifest.xml:90:13-36
170            android:exported="false" >
170-->[androidx.work:work-runtime:2.3.4] AndroidManifest.xml:91:13-37
171            <intent-filter>
171-->[androidx.work:work-runtime:2.3.4] AndroidManifest.xml:93:13-96:29
172                <action android:name="android.intent.action.DEVICE_STORAGE_LOW" />
172-->[androidx.work:work-runtime:2.3.4] AndroidManifest.xml:94:17-83
172-->[androidx.work:work-runtime:2.3.4] AndroidManifest.xml:94:25-80
173                <action android:name="android.intent.action.DEVICE_STORAGE_OK" />
173-->[androidx.work:work-runtime:2.3.4] AndroidManifest.xml:95:17-82
173-->[androidx.work:work-runtime:2.3.4] AndroidManifest.xml:95:25-79
174            </intent-filter>
175        </receiver>
176        <receiver
176-->[androidx.work:work-runtime:2.3.4] AndroidManifest.xml:98:9-107:20
177            android:name="androidx.work.impl.background.systemalarm.ConstraintProxy$NetworkStateProxy"
177-->[androidx.work:work-runtime:2.3.4] AndroidManifest.xml:99:13-103
178            android:directBootAware="false"
178-->[androidx.work:work-runtime:2.3.4] AndroidManifest.xml:100:13-44
179            android:enabled="false"
179-->[androidx.work:work-runtime:2.3.4] AndroidManifest.xml:101:13-36
180            android:exported="false" >
180-->[androidx.work:work-runtime:2.3.4] AndroidManifest.xml:102:13-37
181            <intent-filter>
181-->[androidx.work:work-runtime:2.3.4] AndroidManifest.xml:104:13-106:29
182                <action android:name="android.net.conn.CONNECTIVITY_CHANGE" />
182-->[androidx.work:work-runtime:2.3.4] AndroidManifest.xml:105:17-79
182-->[androidx.work:work-runtime:2.3.4] AndroidManifest.xml:105:25-76
183            </intent-filter>
184        </receiver>
185        <receiver
185-->[androidx.work:work-runtime:2.3.4] AndroidManifest.xml:108:9-119:20
186            android:name="androidx.work.impl.background.systemalarm.RescheduleReceiver"
186-->[androidx.work:work-runtime:2.3.4] AndroidManifest.xml:109:13-88
187            android:directBootAware="false"
187-->[androidx.work:work-runtime:2.3.4] AndroidManifest.xml:110:13-44
188            android:enabled="false"
188-->[androidx.work:work-runtime:2.3.4] AndroidManifest.xml:111:13-36
189            android:exported="false" >
189-->[androidx.work:work-runtime:2.3.4] AndroidManifest.xml:112:13-37
190            <intent-filter>
190-->[androidx.work:work-runtime:2.3.4] AndroidManifest.xml:114:13-118:29
191                <action android:name="android.intent.action.BOOT_COMPLETED" />
191-->[androidx.work:work-runtime:2.3.4] AndroidManifest.xml:115:17-79
191-->[androidx.work:work-runtime:2.3.4] AndroidManifest.xml:115:25-76
192                <action android:name="android.intent.action.TIME_SET" />
192-->[androidx.work:work-runtime:2.3.4] AndroidManifest.xml:116:17-73
192-->[androidx.work:work-runtime:2.3.4] AndroidManifest.xml:116:25-70
193                <action android:name="android.intent.action.TIMEZONE_CHANGED" />
193-->[androidx.work:work-runtime:2.3.4] AndroidManifest.xml:117:17-81
193-->[androidx.work:work-runtime:2.3.4] AndroidManifest.xml:117:25-78
194            </intent-filter>
195        </receiver>
196        <receiver
196-->[androidx.work:work-runtime:2.3.4] AndroidManifest.xml:120:9-129:20
197            android:name="androidx.work.impl.background.systemalarm.ConstraintProxyUpdateReceiver"
197-->[androidx.work:work-runtime:2.3.4] AndroidManifest.xml:121:13-99
198            android:directBootAware="false"
198-->[androidx.work:work-runtime:2.3.4] AndroidManifest.xml:122:13-44
199            android:enabled="@bool/enable_system_alarm_service_default"
199-->[androidx.work:work-runtime:2.3.4] AndroidManifest.xml:123:13-72
200            android:exported="false" >
200-->[androidx.work:work-runtime:2.3.4] AndroidManifest.xml:124:13-37
201            <intent-filter>
201-->[androidx.work:work-runtime:2.3.4] AndroidManifest.xml:126:13-128:29
202                <action android:name="androidx.work.impl.background.systemalarm.UpdateProxies" />
202-->[androidx.work:work-runtime:2.3.4] AndroidManifest.xml:127:17-98
202-->[androidx.work:work-runtime:2.3.4] AndroidManifest.xml:127:25-95
203            </intent-filter>
204        </receiver>
205
206        <provider
206-->[androidx.lifecycle:lifecycle-process:2.2.0] AndroidManifest.xml:25:9-29:43
207            android:name="androidx.lifecycle.ProcessLifecycleOwnerInitializer"
207-->[androidx.lifecycle:lifecycle-process:2.2.0] AndroidManifest.xml:26:13-79
208            android:authorities="com.docusign.sdksamplekotlin.lifecycle-process"
208-->[androidx.lifecycle:lifecycle-process:2.2.0] AndroidManifest.xml:27:13-69
209            android:exported="false"
209-->[androidx.lifecycle:lifecycle-process:2.2.0] AndroidManifest.xml:28:13-37
210            android:multiprocess="true" />
210-->[androidx.lifecycle:lifecycle-process:2.2.0] AndroidManifest.xml:29:13-40
211
212        <service
212-->[androidx.room:room-runtime:2.2.6] AndroidManifest.xml:25:9-28:40
213            android:name="androidx.room.MultiInstanceInvalidationService"
213-->[androidx.room:room-runtime:2.2.6] AndroidManifest.xml:26:13-74
214            android:directBootAware="true"
214-->[androidx.room:room-runtime:2.2.6] AndroidManifest.xml:27:13-43
215            android:exported="false" />
215-->[androidx.room:room-runtime:2.2.6] AndroidManifest.xml:28:13-37
216
217        <provider
217-->[com.docusign:tools:1.3.0] AndroidManifest.xml:11:9-14:40
218            android:name="com.pdftron.pdf.utils.PDFTronToolsInitializer"
218-->[com.docusign:tools:1.3.0] AndroidManifest.xml:12:13-73
219            android:authorities="com.docusign.sdksamplekotlin.pdftron-tools"
219-->[com.docusign:tools:1.3.0] AndroidManifest.xml:13:13-65
220            android:exported="false" />
220-->[com.docusign:tools:1.3.0] AndroidManifest.xml:14:13-37
221        <provider
221-->[com.docusign:tools:1.3.0] AndroidManifest.xml:19:9-27:20
222            android:name="com.pdftron.pdf.utils.ShareProvider"
222-->[com.docusign:tools:1.3.0] AndroidManifest.xml:20:13-63
223            android:authorities="com.docusign.sdksamplekotlin.pdftron.fileprovider"
223-->[com.docusign:tools:1.3.0] AndroidManifest.xml:21:13-72
224            android:exported="false"
224-->[com.docusign:tools:1.3.0] AndroidManifest.xml:22:13-37
225            android:grantUriPermissions="true" >
225-->[com.docusign:tools:1.3.0] AndroidManifest.xml:23:13-47
226            <meta-data
226-->[com.docusign:tools:1.3.0] AndroidManifest.xml:24:13-26:66
227                android:name="android.support.FILE_PROVIDER_PATHS"
227-->[com.docusign:tools:1.3.0] AndroidManifest.xml:25:17-67
228                android:resource="@xml/pdftron_provider_paths" />
228-->[com.docusign:tools:1.3.0] AndroidManifest.xml:26:17-63
229        </provider>
230    </application>
231
232</manifest>